# JRE version: OpenJDK Runtime Environment (17.0.1+12) (build 17.0.1+12-39)
# Java VM: OpenJDK 64-Bit Server VM (17.0.1+12-39, mixed mode, sharing, tiered, compressed oops, compressed class ptrs, g1 gc, windows-amd64)
GC Precious Log:
 CPUs: 16 total, 16 available
 Memory: 16305M
 Large Page Support: Disabled
 NUMA Support: Disabled
 Compressed Oops: Enabled (32-bit)
 Heap Region Size: 1M
 Heap Min Capacity: 8M
 Heap Initial Capacity: 256M
 Heap Max Capacity: 2G
 Pre-touch: Disabled
 Parallel Workers: 13
 Concurrent Workers: 3
 Concurrent Refinement Workers: 13
 Periodic GC: Disabled
Heap:
 garbage-first heap   total 262144K, used 104274K [0x0000000080000000, 0x0000000100000000)
  region size 1024K, 5 young (5120K), 5 survivors (5120K)
 Metaspace       used 83337K, committed 84032K, reserved 1122304K
  class space    used 11532K, committed 11840K, reserved 1048576K
GC Heap History (20 events):
Event: 23.962 GC heap after
{Heap after GC invocations=32 (full 0):
 garbage-first heap   total 128000K, used 75455K [0x0000000080000000, 0x0000000100000000)
  region size 1024K, 5 young (5120K), 5 survivors (5120K)
 Metaspace       used 70844K, committed 71424K, reserved 1114112K
  class space    used 9732K, committed 9984K, reserved 1048576K
}
Event: 24.402 GC heap before
{Heap before GC invocations=32 (full 0):
 garbage-first heap   total 128000K, used 105151K [0x0000000080000000, 0x0000000100000000)
  region size 1024K, 34 young (34816K), 5 survivors (5120K)
 Metaspace       used 73717K, committed 74368K, reserved 1114112K
  class space    used 10113K, committed 10432K, reserved 1048576K
}
Event: 24.406 GC heap after
{Heap after GC invocations=33 (full 0):
 garbage-first heap   total 128000K, used 78396K [0x0000000080000000, 0x0000000100000000)
  region size 1024K, 5 young (5120K), 5 survivors (5120K)
 Metaspace       used 73717K, committed 74368K, reserved 1114112K
  class space    used 10113K, committed 10432K, reserved 1048576K
}
Event: 24.742 GC heap before
{Heap before GC invocations=34 (full 0):
 garbage-first heap   total 137216K, used 106044K [0x0000000080000000, 0x0000000100000000)
  region size 1024K, 32 young (32768K), 5 survivors (5120K)
 Metaspace       used 76409K, committed 77056K, reserved 1122304K
  class space    used 10541K, committed 10816K, reserved 1048576K
}
Event: 24.746 GC heap after
{Heap after GC invocations=35 (full 0):
 garbage-first heap   total 137216K, used 80468K [0x0000000080000000, 0x0000000100000000)
  region size 1024K, 3 young (3072K), 3 survivors (3072K)
 Metaspace       used 76409K, committed 77056K, reserved 1122304K
  class space    used 10541K, committed 10816K, reserved 1048576K
}
Event: 24.797 GC heap before
{Heap before GC invocations=35 (full 0):
 garbage-first heap   total 137216K, used 83540K [0x0000000080000000, 0x0000000100000000)
  region size 1024K, 6 young (6144K), 3 survivors (3072K)
 Metaspace       used 76694K, committed 77312K, reserved 1122304K
  class space    used 10583K, committed 10880K, reserved 1048576K
}
Event: 24.799 GC heap after
{Heap after GC invocations=36 (full 0):
 garbage-first heap   total 137216K, used 80417K [0x0000000080000000, 0x0000000100000000)
  region size 1024K, 1 young (1024K), 1 survivors (1024K)
 Metaspace       used 76694K, committed 77312K, reserved 1122304K
  class space    used 10583K, committed 10880K, reserved 1048576K
}
Event: 25.323 GC heap before
{Heap before GC invocations=36 (full 0):
 garbage-first heap   total 137216K, used 114209K [0x0000000080000000, 0x0000000100000000)
  region size 1024K, 34 young (34816K), 1 survivors (1024K)
 Metaspace       used 79766K, committed 80384K, reserved 1122304K
  class space    used 10965K, committed 11264K, reserved 1048576K
}
Event: 25.326 GC heap after
{Heap after GC invocations=37 (full 0):
 garbage-first heap   total 137216K, used 83145K [0x0000000080000000, 0x0000000100000000)
  region size 1024K, 4 young (4096K), 4 survivors (4096K)
 Metaspace       used 79766K, committed 80384K, reserved 1122304K
  class space    used 10965K, committed 11264K, reserved 1048576K
}
Event: 25.627 GC heap before
{Heap before GC invocations=38 (full 0):
 garbage-first heap   total 147456K, used 113865K [0x0000000080000000, 0x0000000100000000)
  region size 1024K, 34 young (34816K), 4 survivors (4096K)
 Metaspace       used 80341K, committed 80960K, reserved 1122304K
  class space    used 11039K, committed 11328K, reserved 1048576K
}
Event: 25.632 GC heap after
{Heap after GC invocations=39 (full 0):
 garbage-first heap   total 177152K, used 87875K [0x0000000080000000, 0x0000000100000000)
  region size 1024K, 5 young (5120K), 5 survivors (5120K)
 Metaspace       used 80341K, committed 80960K, reserved 1122304K
  class space    used 11039K, committed 11328K, reserved 1048576K
}
Event: 25.654 GC heap before
{Heap before GC invocations=39 (full 0):
 garbage-first heap   total 177152K, used 90947K [0x0000000080000000, 0x0000000100000000)
  region size 1024K, 8 young (8192K), 5 survivors (5120K)
 Metaspace       used 80341K, committed 80960K, reserved 1122304K
  class space    used 11039K, committed 11328K, reserved 1048576K
}
Event: 25.656 GC heap after
{Heap after GC invocations=40 (full 0):
 garbage-first heap   total 177152K, used 87597K [0x0000000080000000, 0x0000000100000000)
  region size 1024K, 1 young (1024K), 1 survivors (1024K)
 Metaspace       used 80341K, committed 80960K, reserved 1122304K
  class space    used 11039K, committed 11328K, reserved 1048576K
}
Event: 26.370 GC heap before
{Heap before GC invocations=40 (full 0):
 garbage-first heap   total 177152K, used 140845K [0x0000000080000000, 0x0000000100000000)
  region size 1024K, 54 young (55296K), 1 survivors (1024K)
 Metaspace       used 82124K, committed 82752K, reserved 1122304K
  class space    used 11351K, committed 11648K, reserved 1048576K
}
Event: 26.375 GC heap after
{Heap after GC invocations=41 (full 0):
 garbage-first heap   total 177152K, used 94971K [0x0000000080000000, 0x0000000100000000)
  region size 1024K, 7 young (7168K), 7 survivors (7168K)
 Metaspace       used 82124K, committed 82752K, reserved 1122304K
  class space    used 11351K, committed 11648K, reserved 1048576K
}
Event: 26.732 GC heap before
{Heap before GC invocations=42 (full 0):
 garbage-first heap   total 177152K, used 142075K [0x0000000080000000, 0x0000000100000000)
  region size 1024K, 54 young (55296K), 7 survivors (7168K)
 Metaspace       used 83119K, committed 83776K, reserved 1122304K
  class space    used 11531K, committed 11840K, reserved 1048576K
}
Event: 26.739 GC heap after
{Heap after GC invocations=43 (full 0):
 garbage-first heap   total 177152K, used 100739K [0x0000000080000000, 0x0000000100000000)
  region size 1024K, 7 young (7168K), 7 survivors (7168K)
 Metaspace       used 83119K, committed 83776K, reserved 1122304K
  class space    used 11531K, committed 11840K, reserved 1048576K
}
Event: 26.742 GC heap before
{Heap before GC invocations=43 (full 0):
 garbage-first heap   total 177152K, used 101763K [0x0000000080000000, 0x0000000100000000)
  region size 1024K, 8 young (8192K), 7 survivors (7168K)
 Metaspace       used 83121K, committed 83776K, reserved 1122304K
  class space    used 11531K, committed 11840K, reserved 1048576K
}
Event: 26.745 GC heap after
{Heap after GC invocations=44 (full 0):
 garbage-first heap   total 177152K, used 100823K [0x0000000080000000, 0x0000000100000000)
  region size 1024K, 1 young (1024K), 1 survivors (1024K)
 Metaspace       used 83121K, committed 83776K, reserved 1122304K
  class space    used 11531K, committed 11840K, reserved 1048576K
}
Event: 27.013 GC heap before
{Heap before GC invocations=44 (full 0):
 garbage-first heap   total 177152K, used 142807K [0x0000000080000000, 0x0000000100000000)
  region size 1024K, 43 young (44032K), 1 survivors (1024K)
 Metaspace       used 83337K, committed 84032K, reserved 1122304K
  class space    used 11532K, committed 11840K, reserved 1048576K
}

