# JRE version: OpenJDK Runtime Environment (17.0.1+12) (build 17.0.1+12-39)
# Java VM: OpenJDK 64-Bit Server VM (17.0.1+12-39, mixed mode, sharing, tiered, compressed oops, compressed class ptrs, g1 gc, windows-amd64)
GC Precious Log:
 CPUs: 16 total, 16 available
 Memory: 16305M
 Large Page Support: Disabled
 NUMA Support: Disabled
 Compressed Oops: Enabled (32-bit)
 Heap Region Size: 1M
 Heap Min Capacity: 8M
 Heap Initial Capacity: 256M
 Heap Max Capacity: 2G
 Pre-touch: Disabled
 Parallel Workers: 13
 Concurrent Workers: 3
 Concurrent Refinement Workers: 13
 Periodic GC: Disabled
Heap:
 garbage-first heap   total 240640K, used 144015K [0x0000000080000000, 0x0000000100000000)
  region size 1024K, 12 young (12288K), 2 survivors (2048K)
 Metaspace       used 89776K, committed 90496K, reserved 1130496K
  class space    used 12307K, committed 12672K, reserved 1048576K
GC Heap History (20 events):
Event: 8.926 GC heap before
{Heap before GC invocations=30 (full 0):
 garbage-first heap   total 126976K, used 103023K [0x0000000080000000, 0x0000000100000000)
  region size 1024K, 32 young (32768K), 1 survivors (1024K)
 Metaspace       used 67713K, committed 68224K, reserved 1114112K
  class space    used 9310K, committed 9536K, reserved 1048576K
}
Event: 8.929 GC heap after
{Heap after GC invocations=31 (full 0):
 garbage-first heap   total 198656K, used 72428K [0x0000000080000000, 0x0000000100000000)
  region size 1024K, 2 young (2048K), 2 survivors (2048K)
 Metaspace       used 67713K, committed 68224K, reserved 1114112K
  class space    used 9310K, committed 9536K, reserved 1048576K
}
Event: 10.021 GC heap before
{Heap before GC invocations=32 (full 0):
 garbage-first heap   total 198656K, used 154348K [0x0000000080000000, 0x0000000100000000)
  region size 1024K, 82 young (83968K), 2 survivors (2048K)
 Metaspace       used 76128K, committed 76736K, reserved 1122304K
  class space    used 10474K, committed 10752K, reserved 1048576K
}
Event: 10.028 GC heap after
{Heap after GC invocations=33 (full 0):
 garbage-first heap   total 198656K, used 78947K [0x0000000080000000, 0x0000000100000000)
  region size 1024K, 9 young (9216K), 9 survivors (9216K)
 Metaspace       used 76128K, committed 76736K, reserved 1122304K
  class space    used 10474K, committed 10752K, reserved 1048576K
}
Event: 10.040 GC heap before
{Heap before GC invocations=33 (full 0):
 garbage-first heap   total 198656K, used 79971K [0x0000000080000000, 0x0000000100000000)
  region size 1024K, 10 young (10240K), 9 survivors (9216K)
 Metaspace       used 76237K, committed 76864K, reserved 1122304K
  class space    used 10496K, committed 10816K, reserved 1048576K
}
Event: 10.047 GC heap after
{Heap after GC invocations=34 (full 0):
 garbage-first heap   total 198656K, used 79342K [0x0000000080000000, 0x0000000100000000)
  region size 1024K, 1 young (1024K), 1 survivors (1024K)
 Metaspace       used 76237K, committed 76864K, reserved 1122304K
  class space    used 10496K, committed 10816K, reserved 1048576K
}
Event: 10.833 GC heap before
{Heap before GC invocations=34 (full 0):
 garbage-first heap   total 198656K, used 157166K [0x0000000080000000, 0x0000000100000000)
  region size 1024K, 77 young (78848K), 1 survivors (1024K)
 Metaspace       used 80306K, committed 80960K, reserved 1122304K
  class space    used 11019K, committed 11328K, reserved 1048576K
}
Event: 10.839 GC heap after
{Heap after GC invocations=35 (full 0):
 garbage-first heap   total 198656K, used 87081K [0x0000000080000000, 0x0000000100000000)
  region size 1024K, 9 young (9216K), 9 survivors (9216K)
 Metaspace       used 80306K, committed 80960K, reserved 1122304K
  class space    used 11019K, committed 11328K, reserved 1048576K
}
Event: 11.453 GC heap before
{Heap before GC invocations=35 (full 0):
 garbage-first heap   total 198656K, used 156713K [0x0000000080000000, 0x0000000100000000)
  region size 1024K, 78 young (79872K), 9 survivors (9216K)
 Metaspace       used 83115K, committed 83840K, reserved 1122304K
  class space    used 11580K, committed 11968K, reserved 1048576K
}
Event: 11.462 GC heap after
{Heap after GC invocations=36 (full 0):
 garbage-first heap   total 198656K, used 96882K [0x0000000080000000, 0x0000000100000000)
  region size 1024K, 10 young (10240K), 10 survivors (10240K)
 Metaspace       used 83115K, committed 83840K, reserved 1122304K
  class space    used 11580K, committed 11968K, reserved 1048576K
}
Event: 11.666 GC heap before
{Heap before GC invocations=36 (full 0):
 garbage-first heap   total 198656K, used 156274K [0x0000000080000000, 0x0000000100000000)
  region size 1024K, 69 young (70656K), 10 survivors (10240K)
 Metaspace       used 83505K, committed 84224K, reserved 1122304K
  class space    used 11594K, committed 11968K, reserved 1048576K
}
Event: 11.672 GC heap after
{Heap after GC invocations=37 (full 0):
 garbage-first heap   total 198656K, used 102075K [0x0000000080000000, 0x0000000100000000)
  region size 1024K, 6 young (6144K), 6 survivors (6144K)
 Metaspace       used 83505K, committed 84224K, reserved 1122304K
  class space    used 11594K, committed 11968K, reserved 1048576K
}
Event: 12.201 GC heap before
{Heap before GC invocations=37 (full 0):
 garbage-first heap   total 198656K, used 163515K [0x0000000080000000, 0x0000000100000000)
  region size 1024K, 63 young (64512K), 6 survivors (6144K)
 Metaspace       used 86006K, committed 86720K, reserved 1130496K
  class space    used 11861K, committed 12224K, reserved 1048576K
}
Event: 12.207 GC heap after
{Heap after GC invocations=38 (full 0):
 garbage-first heap   total 198656K, used 115169K [0x0000000080000000, 0x0000000100000000)
  region size 1024K, 8 young (8192K), 8 survivors (8192K)
 Metaspace       used 86006K, committed 86720K, reserved 1130496K
  class space    used 11861K, committed 12224K, reserved 1048576K
}
Event: 12.728 GC heap before
{Heap before GC invocations=38 (full 0):
 garbage-first heap   total 198656K, used 165345K [0x0000000080000000, 0x0000000100000000)
  region size 1024K, 50 young (51200K), 8 survivors (8192K)
 Metaspace       used 87814K, committed 88448K, reserved 1130496K
  class space    used 12046K, committed 12352K, reserved 1048576K
}
Event: 12.737 GC heap after
{Heap after GC invocations=39 (full 0):
 garbage-first heap   total 198656K, used 130040K [0x0000000080000000, 0x0000000100000000)
  region size 1024K, 7 young (7168K), 7 survivors (7168K)
 Metaspace       used 87814K, committed 88448K, reserved 1130496K
  class space    used 12046K, committed 12352K, reserved 1048576K
}
Event: 12.878 GC heap before
{Heap before GC invocations=40 (full 0):
 garbage-first heap   total 240640K, used 159736K [0x0000000080000000, 0x0000000100000000)
  region size 1024K, 36 young (36864K), 7 survivors (7168K)
 Metaspace       used 87790K, committed 88448K, reserved 1130496K
  class space    used 12039K, committed 12352K, reserved 1048576K
}
Event: 12.882 GC heap after
{Heap after GC invocations=41 (full 0):
 garbage-first heap   total 240640K, used 135243K [0x0000000080000000, 0x0000000100000000)
  region size 1024K, 4 young (4096K), 4 survivors (4096K)
 Metaspace       used 87790K, committed 88448K, reserved 1130496K
  class space    used 12039K, committed 12352K, reserved 1048576K
}
Event: 13.029 GC heap before
{Heap before GC invocations=41 (full 0):
 garbage-first heap   total 240640K, used 141387K [0x0000000080000000, 0x0000000100000000)
  region size 1024K, 11 young (11264K), 4 survivors (4096K)
 Metaspace       used 89522K, committed 90240K, reserved 1130496K
  class space    used 12278K, committed 12608K, reserved 1048576K
}
Event: 13.031 GC heap after
{Heap after GC invocations=42 (full 0):
 garbage-first heap   total 240640K, used 134799K [0x0000000080000000, 0x0000000100000000)
  region size 1024K, 2 young (2048K), 2 survivors (2048K)
 Metaspace       used 89522K, committed 90240K, reserved 1130496K
  class space    used 12278K, committed 12608K, reserved 1048576K
}

